<?xml version="1.0" encoding="UTF-8"?>
<coverage generated="1779790469235" clover="3.2.0">
  <project timestamp="1779790469235" name="All files">
    <metrics statements="12" coveredstatements="5" conditionals="0" coveredconditionals="0" methods="11" coveredmethods="4" elements="23" coveredelements="9" complexity="0" loc="12" ncloc="12" packages="1" files="1" classes="1"/>
    <file name="album.service.js" path="C:\Users\smahe\OneDrive\Escritorio\mundialito2026_hub\src\services\album.service.js">
      <metrics statements="12" coveredstatements="5" conditionals="0" coveredconditionals="0" methods="11" coveredmethods="4"/>
      <line num="3" count="1" type="stmt"/>
      <line num="5" count="1" type="stmt"/>
      <line num="9" count="1" type="stmt"/>
      <line num="16" count="0" type="stmt"/>
      <line num="20" count="0" type="stmt"/>
      <line num="27" count="1" type="stmt"/>
      <line num="31" count="0" type="stmt"/>
      <line num="35" count="1" type="stmt"/>
      <line num="42" count="0" type="stmt"/>
      <line num="49" count="0" type="stmt"/>
      <line num="56" count="0" type="stmt"/>
      <line num="63" count="0" type="stmt"/>
    </file>
  </project>
</coverage>
