{"C:\\Users\\smahe\\OneDrive\\Escritorio\\mundialito2026_hub\\src\\services\\album.service.js": {"path":"C:\\Users\\smahe\\OneDrive\\Escritorio\\mundialito2026_hub\\src\\services\\album.service.js","statementMap":{"0":{"start":{"line":3,"column":28},"end":{"line":68,"column":null}},"1":{"start":{"line":5,"column":4},"end":{"line":5,"column":null}},"2":{"start":{"line":9,"column":4},"end":{"line":12,"column":null}},"3":{"start":{"line":16,"column":4},"end":{"line":16,"column":null}},"4":{"start":{"line":20,"column":4},"end":{"line":23,"column":null}},"5":{"start":{"line":27,"column":4},"end":{"line":27,"column":null}},"6":{"start":{"line":31,"column":4},"end":{"line":31,"column":null}},"7":{"start":{"line":35,"column":4},"end":{"line":38,"column":null}},"8":{"start":{"line":42,"column":4},"end":{"line":45,"column":null}},"9":{"start":{"line":49,"column":4},"end":{"line":52,"column":null}},"10":{"start":{"line":56,"column":4},"end":{"line":59,"column":null}},"11":{"start":{"line":63,"column":4},"end":{"line":66,"column":null}}},"fnMap":{"0":{"name":"(anonymous_0)","decl":{"start":{"line":4,"column":2},"end":{"line":4,"column":10}},"loc":{"start":{"line":4,"column":13},"end":{"line":6,"column":3}},"line":4},"1":{"name":"(anonymous_1)","decl":{"start":{"line":8,"column":2},"end":{"line":8,"column":10}},"loc":{"start":{"line":8,"column":13},"end":{"line":13,"column":3}},"line":8},"2":{"name":"(anonymous_2)","decl":{"start":{"line":15,"column":2},"end":{"line":15,"column":11}},"loc":{"start":{"line":15,"column":14},"end":{"line":17,"column":3}},"line":15},"3":{"name":"(anonymous_3)","decl":{"start":{"line":19,"column":2},"end":{"line":19,"column":13}},"loc":{"start":{"line":19,"column":23},"end":{"line":24,"column":3}},"line":19},"4":{"name":"(anonymous_4)","decl":{"start":{"line":26,"column":2},"end":{"line":26,"column":11}},"loc":{"start":{"line":26,"column":14},"end":{"line":28,"column":3}},"line":26},"5":{"name":"(anonymous_5)","decl":{"start":{"line":30,"column":2},"end":{"line":30,"column":13}},"loc":{"start":{"line":30,"column":16},"end":{"line":32,"column":3}},"line":30},"6":{"name":"(anonymous_6)","decl":{"start":{"line":34,"column":2},"end":{"line":34,"column":15}},"loc":{"start":{"line":34,"column":25},"end":{"line":39,"column":3}},"line":34},"7":{"name":"(anonymous_7)","decl":{"start":{"line":41,"column":2},"end":{"line":41,"column":11}},"loc":{"start":{"line":41,"column":32},"end":{"line":46,"column":3}},"line":41},"8":{"name":"(anonymous_8)","decl":{"start":{"line":48,"column":2},"end":{"line":48,"column":13}},"loc":{"start":{"line":48,"column":23},"end":{"line":53,"column":3}},"line":48},"9":{"name":"(anonymous_9)","decl":{"start":{"line":55,"column":2},"end":{"line":55,"column":14}},"loc":{"start":{"line":55,"column":24},"end":{"line":60,"column":3}},"line":55},"10":{"name":"(anonymous_10)","decl":{"start":{"line":62,"column":2},"end":{"line":62,"column":15}},"loc":{"start":{"line":62,"column":27},"end":{"line":67,"column":3}},"line":62}},"branchMap":{},"s":{"0":1,"1":1,"2":1,"3":0,"4":0,"5":1,"6":0,"7":1,"8":0,"9":0,"10":0,"11":0},"f":{"0":1,"1":1,"2":0,"3":0,"4":1,"5":0,"6":1,"7":0,"8":0,"9":0,"10":0},"b":{},"meta":{"lastBranch":0,"lastFunction":11,"lastStatement":12,"seen":{"s:3:28:68:Infinity":0,"f:4:2:4:10":0,"s:5:4:5:Infinity":1,"f:8:2:8:10":1,"s:9:4:12:Infinity":2,"f:15:2:15:11":2,"s:16:4:16:Infinity":3,"f:19:2:19:13":3,"s:20:4:23:Infinity":4,"f:26:2:26:11":4,"s:27:4:27:Infinity":5,"f:30:2:30:13":5,"s:31:4:31:Infinity":6,"f:34:2:34:15":6,"s:35:4:38:Infinity":7,"f:41:2:41:11":7,"s:42:4:45:Infinity":8,"f:48:2:48:13":8,"s:49:4:52:Infinity":9,"f:55:2:55:14":9,"s:56:4:59:Infinity":10,"f:62:2:62:15":10,"s:63:4:66:Infinity":11}}}
}
